This is pdfTeX, Version 3.141592653-2.6-1.40.24 (TeX Live 2022) (preloaded format=pdflatex 2022.10.24)  31 JAN 2023 09:50
entering extended mode
 restricted \write18 enabled.
 file:line:error style messages enabled.
 %&-line parsing enabled.
**5-1-Kalb-Ramond.tex
(./5-1-Kalb-Ramond.tex
LaTeX2e <2021-11-15> patch level 1
L3 programming layer <2022-02-24>
./5-1-Kalb-Ramond.tex:4: Undefined control sequence.
l.4 \chapter
            {Campo de Kalb-Ramond con masa. } \label{Kalb-Ramond-massive}
? 
./5-1-Kalb-Ramond.tex:4: Emergency stop.
l.4 
    
End of file on the terminal!

 
Here is how much of TeX's memory you used:
 16 strings out of 478268
 415 string characters out of 5846346
 289381 words of memory out of 5000000
 18325 multiletter control sequences out of 15000+600000
 469259 words of font info for 28 fonts, out of 8000000 for 9000
 1141 hyphenation exceptions out of 8191
 13i,0n,12p,212b,10s stack positions out of 10000i,1000n,20000p,200000b,200000s
./5-1-Kalb-Ramond.tex:4:  ==> Fatal error occurred, no output PDF file produced
!
